2022-09-21 08:06:04 [INFO ] main SpringApplication.java:655 com.krian.finance.core.ServiceCoreApplication The following profiles are active: dev
2022-09-21 08:06:11 [INFO ] main SpringApplication.java:655 com.krian.finance.sms.ServiceSmsApplication The following profiles are active: dev
2022-09-21 08:06:16 [INFO ] main SpringApplication.java:655 com.krian.finance.gateway.ServiceGatewayApplication The following profiles are active: dev
2022-09-21 09:20:47 [INFO ] main SpringApplication.java:655 com.krian.finance.core.ServiceCoreApplication The following profiles are active: dev
2022-09-21 09:20:50 [INFO ] main SpringApplication.java:655 com.krian.finance.sms.ServiceSmsApplication The following profiles are active: dev
2022-09-21 09:20:53 [INFO ] main SpringApplication.java:655 com.krian.finance.gateway.ServiceGatewayApplication The following profiles are active: dev
2022-09-21 09:22:06 [INFO ] main SpringApplication.java:655 com.krian.finance.core.ServiceCoreApplication The following profiles are active: dev
2022-09-21 09:22:09 [INFO ] main SpringApplication.java:655 com.krian.finance.sms.ServiceSmsApplication The following profiles are active: dev
2022-09-21 09:22:12 [INFO ] main SpringApplication.java:655 com.krian.finance.gateway.ServiceGatewayApplication The following profiles are active: dev
2022-09-21 09:27:19 [INFO ] main SpringApplication.java:655 com.krian.finance.core.ServiceCoreApplication The following profiles are active: dev
2022-09-21 09:27:22 [INFO ] main SpringApplication.java:655 com.krian.finance.sms.ServiceSmsApplication The following profiles are active: dev
2022-09-21 09:27:24 [INFO ] main SpringApplication.java:655 com.krian.finance.gateway.ServiceGatewayApplication The following profiles are active: dev
2022-09-21 09:27:30 [INFO ] main StartupInfoLogger.java:61 com.krian.finance.core.ServiceCoreApplication Started ServiceCoreApplication in 14.547 seconds (JVM running for 15.526)
2022-09-21 09:27:30 [INFO ] main StartupInfoLogger.java:61 com.krian.finance.sms.ServiceSmsApplication Started ServiceSmsApplication in 12.152 seconds (JVM running for 13.361)
2022-09-21 09:27:34 [INFO ] main StartupInfoLogger.java:61 com.krian.finance.gateway.ServiceGatewayApplication Started ServiceGatewayApplication in 13.072 seconds (JVM running for 14.13)
2022-09-21 09:45:28 [INFO ] http-nio-8110-exec-1 UnifiedExceptionHandler.java:50 com.krian.common.exception.UnifiedExceptionHandler 触发自定义异常捕获......
2022-09-21 09:45:28 [ERROR] http-nio-8110-exec-1 UnifiedExceptionHandler.java:51 com.krian.common.exception.UnifiedExceptionHandler 未登录
com.krian.common.exception.BusinessException: 未登录
	at com.krian.finance.base.utils.JwtUtils.getClaims(JwtUtils.java:82)
	at com.krian.finance.base.utils.JwtUtils.getUserId(JwtUtils.java:59)
	at com.krian.finance.core.controller.api.AdminUserBindController.bind(AdminUserBindController.java:44)
	at sun.reflect.NativeMethodAccessorImpl.invoke0(Native Method)
	at sun.reflect.NativeMethodAccessorImpl.invoke(NativeMethodAccessorImpl.java:62)
	at sun.reflect.DelegatingMethodAccessorImpl.invoke(DelegatingMethodAccessorImpl.java:43)
	at java.lang.reflect.Method.invoke(Method.java:498)
	at org.springframework.web.method.support.InvocableHandlerMethod.doInvoke(InvocableHandlerMethod.java:190)
	at org.springframework.web.method.support.InvocableHandlerMethod.invokeForRequest(InvocableHandlerMethod.java:138)
	at org.springframework.web.servlet.mvc.method.annotation.ServletInvocableHandlerMethod.invokeAndHandle(ServletInvocableHandlerMethod.java:105)
	at org.springframework.web.servlet.mvc.method.annotation.RequestMappingHandlerAdapter.invokeHandlerMethod(RequestMappingHandlerAdapter.java:878)
	at org.springframework.web.servlet.mvc.method.annotation.RequestMappingHandlerAdapter.handleInternal(RequestMappingHandlerAdapter.java:792)
	at org.springframework.web.servlet.mvc.method.AbstractHandlerMethodAdapter.handle(AbstractHandlerMethodAdapter.java:87)
	at org.springframework.web.servlet.DispatcherServlet.doDispatch(DispatcherServlet.java:1040)
	at org.springframework.web.servlet.DispatcherServlet.doService(DispatcherServlet.java:943)
	at org.springframework.web.servlet.FrameworkServlet.processRequest(FrameworkServlet.java:1006)
	at org.springframework.web.servlet.FrameworkServlet.doPost(FrameworkServlet.java:909)
	at javax.servlet.http.HttpServlet.service(HttpServlet.java:652)
	at org.springframework.web.servlet.FrameworkServlet.service(FrameworkServlet.java:883)
	at javax.servlet.http.HttpServlet.service(HttpServlet.java:733)
	at org.apache.catalina.core.ApplicationFilterChain.internalDoFilter(ApplicationFilterChain.java:231)
	at org.apache.catalina.core.ApplicationFilterChain.doFilter(ApplicationFilterChain.java:166)
	at org.apache.tomcat.websocket.server.WsFilter.doFilter(WsFilter.java:53)
	at org.apache.catalina.core.ApplicationFilterChain.internalDoFilter(ApplicationFilterChain.java:193)
	at org.apache.catalina.core.ApplicationFilterChain.doFilter(ApplicationFilterChain.java:166)
	at org.springframework.web.filter.RequestContextFilter.doFilterInternal(RequestContextFilter.java:100)
	at org.springframework.web.filter.OncePerRequestFilter.doFilter(OncePerRequestFilter.java:119)
	at org.apache.catalina.core.ApplicationFilterChain.internalDoFilter(ApplicationFilterChain.java:193)
	at org.apache.catalina.core.ApplicationFilterChain.doFilter(ApplicationFilterChain.java:166)
	at org.springframework.web.filter.FormContentFilter.doFilterInternal(FormContentFilter.java:93)
	at org.springframework.web.filter.OncePerRequestFilter.doFilter(OncePerRequestFilter.java:119)
	at org.apache.catalina.core.ApplicationFilterChain.internalDoFilter(ApplicationFilterChain.java:193)
	at org.apache.catalina.core.ApplicationFilterChain.doFilter(ApplicationFilterChain.java:166)
	at org.springframework.web.filter.CharacterEncodingFilter.doFilterInternal(CharacterEncodingFilter.java:201)
	at org.springframework.web.filter.OncePerRequestFilter.doFilter(OncePerRequestFilter.java:119)
	at org.apache.catalina.core.ApplicationFilterChain.internalDoFilter(ApplicationFilterChain.java:193)
	at org.apache.catalina.core.ApplicationFilterChain.doFilter(ApplicationFilterChain.java:166)
	at org.apache.catalina.core.StandardWrapperValve.invoke(StandardWrapperValve.java:202)
	at org.apache.catalina.core.StandardContextValve.invoke(StandardContextValve.java:97)
	at org.apache.catalina.authenticator.AuthenticatorBase.invoke(AuthenticatorBase.java:541)
	at org.apache.catalina.core.StandardHostValve.invoke(StandardHostValve.java:143)
	at org.apache.catalina.valves.ErrorReportValve.invoke(ErrorReportValve.java:92)
	at org.apache.catalina.core.StandardEngineValve.invoke(StandardEngineValve.java:78)
	at org.apache.catalina.connector.CoyoteAdapter.service(CoyoteAdapter.java:343)
	at org.apache.coyote.http11.Http11Processor.service(Http11Processor.java:374)
	at org.apache.coyote.AbstractProcessorLight.process(AbstractProcessorLight.java:65)
	at org.apache.coyote.AbstractProtocol$ConnectionHandler.process(AbstractProtocol.java:868)
	at org.apache.tomcat.util.net.NioEndpoint$SocketProcessor.doRun(NioEndpoint.java:1590)
	at org.apache.tomcat.util.net.SocketProcessorBase.run(SocketProcessorBase.java:49)
	at java.util.concurrent.ThreadPoolExecutor.runWorker(ThreadPoolExecutor.java:1149)
	at java.util.concurrent.ThreadPoolExecutor$Worker.run(ThreadPoolExecutor.java:624)
	at org.apache.tomcat.util.threads.TaskThread$WrappingRunnable.run(TaskThread.java:61)
	at java.lang.Thread.run(Thread.java:748)
2022-09-21 09:47:15 [INFO ] http-nio-8110-exec-3 UnifiedExceptionHandler.java:50 com.krian.common.exception.UnifiedExceptionHandler 触发自定义异常捕获......
2022-09-21 09:47:15 [ERROR] http-nio-8110-exec-3 UnifiedExceptionHandler.java:51 com.krian.common.exception.UnifiedExceptionHandler 未登录
com.krian.common.exception.BusinessException: 未登录
	at com.krian.finance.base.utils.JwtUtils.getClaims(JwtUtils.java:82)
	at com.krian.finance.base.utils.JwtUtils.getUserId(JwtUtils.java:59)
	at com.krian.finance.core.controller.api.AdminUserBindController.bind(AdminUserBindController.java:44)
	at sun.reflect.NativeMethodAccessorImpl.invoke0(Native Method)
	at sun.reflect.NativeMethodAccessorImpl.invoke(NativeMethodAccessorImpl.java:62)
	at sun.reflect.DelegatingMethodAccessorImpl.invoke(DelegatingMethodAccessorImpl.java:43)
	at java.lang.reflect.Method.invoke(Method.java:498)
	at org.springframework.web.method.support.InvocableHandlerMethod.doInvoke(InvocableHandlerMethod.java:190)
	at org.springframework.web.method.support.InvocableHandlerMethod.invokeForRequest(InvocableHandlerMethod.java:138)
	at org.springframework.web.servlet.mvc.method.annotation.ServletInvocableHandlerMethod.invokeAndHandle(ServletInvocableHandlerMethod.java:105)
	at org.springframework.web.servlet.mvc.method.annotation.RequestMappingHandlerAdapter.invokeHandlerMethod(RequestMappingHandlerAdapter.java:878)
	at org.springframework.web.servlet.mvc.method.annotation.RequestMappingHandlerAdapter.handleInternal(RequestMappingHandlerAdapter.java:792)
	at org.springframework.web.servlet.mvc.method.AbstractHandlerMethodAdapter.handle(AbstractHandlerMethodAdapter.java:87)
	at org.springframework.web.servlet.DispatcherServlet.doDispatch(DispatcherServlet.java:1040)
	at org.springframework.web.servlet.DispatcherServlet.doService(DispatcherServlet.java:943)
	at org.springframework.web.servlet.FrameworkServlet.processRequest(FrameworkServlet.java:1006)
	at org.springframework.web.servlet.FrameworkServlet.doPost(FrameworkServlet.java:909)
	at javax.servlet.http.HttpServlet.service(HttpServlet.java:652)
	at org.springframework.web.servlet.FrameworkServlet.service(FrameworkServlet.java:883)
	at javax.servlet.http.HttpServlet.service(HttpServlet.java:733)
	at org.apache.catalina.core.ApplicationFilterChain.internalDoFilter(ApplicationFilterChain.java:231)
	at org.apache.catalina.core.ApplicationFilterChain.doFilter(ApplicationFilterChain.java:166)
	at org.apache.tomcat.websocket.server.WsFilter.doFilter(WsFilter.java:53)
	at org.apache.catalina.core.ApplicationFilterChain.internalDoFilter(ApplicationFilterChain.java:193)
	at org.apache.catalina.core.ApplicationFilterChain.doFilter(ApplicationFilterChain.java:166)
	at org.springframework.web.filter.RequestContextFilter.doFilterInternal(RequestContextFilter.java:100)
	at org.springframework.web.filter.OncePerRequestFilter.doFilter(OncePerRequestFilter.java:119)
	at org.apache.catalina.core.ApplicationFilterChain.internalDoFilter(ApplicationFilterChain.java:193)
	at org.apache.catalina.core.ApplicationFilterChain.doFilter(ApplicationFilterChain.java:166)
	at org.springframework.web.filter.FormContentFilter.doFilterInternal(FormContentFilter.java:93)
	at org.springframework.web.filter.OncePerRequestFilter.doFilter(OncePerRequestFilter.java:119)
	at org.apache.catalina.core.ApplicationFilterChain.internalDoFilter(ApplicationFilterChain.java:193)
	at org.apache.catalina.core.ApplicationFilterChain.doFilter(ApplicationFilterChain.java:166)
	at org.springframework.web.filter.CharacterEncodingFilter.doFilterInternal(CharacterEncodingFilter.java:201)
	at org.springframework.web.filter.OncePerRequestFilter.doFilter(OncePerRequestFilter.java:119)
	at org.apache.catalina.core.ApplicationFilterChain.internalDoFilter(ApplicationFilterChain.java:193)
	at org.apache.catalina.core.ApplicationFilterChain.doFilter(ApplicationFilterChain.java:166)
	at org.apache.catalina.core.StandardWrapperValve.invoke(StandardWrapperValve.java:202)
	at org.apache.catalina.core.StandardContextValve.invoke(StandardContextValve.java:97)
	at org.apache.catalina.authenticator.AuthenticatorBase.invoke(AuthenticatorBase.java:541)
	at org.apache.catalina.core.StandardHostValve.invoke(StandardHostValve.java:143)
	at org.apache.catalina.valves.ErrorReportValve.invoke(ErrorReportValve.java:92)
	at org.apache.catalina.core.StandardEngineValve.invoke(StandardEngineValve.java:78)
	at org.apache.catalina.connector.CoyoteAdapter.service(CoyoteAdapter.java:343)
	at org.apache.coyote.http11.Http11Processor.service(Http11Processor.java:374)
	at org.apache.coyote.AbstractProcessorLight.process(AbstractProcessorLight.java:65)
	at org.apache.coyote.AbstractProtocol$ConnectionHandler.process(AbstractProtocol.java:868)
	at org.apache.tomcat.util.net.NioEndpoint$SocketProcessor.doRun(NioEndpoint.java:1590)
	at org.apache.tomcat.util.net.SocketProcessorBase.run(SocketProcessorBase.java:49)
	at java.util.concurrent.ThreadPoolExecutor.runWorker(ThreadPoolExecutor.java:1149)
	at java.util.concurrent.ThreadPoolExecutor$Worker.run(ThreadPoolExecutor.java:624)
	at org.apache.tomcat.util.threads.TaskThread$WrappingRunnable.run(TaskThread.java:61)
	at java.lang.Thread.run(Thread.java:748)
2022-09-21 09:47:43 [INFO ] http-nio-8110-exec-4 Assert.java:19 com.krian.common.exception.Assert obj is null.....................
2022-09-21 09:47:43 [INFO ] http-nio-8110-exec-4 UnifiedExceptionHandler.java:50 com.krian.common.exception.UnifiedExceptionHandler 触发自定义异常捕获......
2022-09-21 09:47:43 [ERROR] http-nio-8110-exec-4 UnifiedExceptionHandler.java:51 com.krian.common.exception.UnifiedExceptionHandler 用户不存在
com.krian.common.exception.BusinessException: 用户不存在
	at com.krian.common.exception.Assert.notNull(Assert.java:20)
	at com.krian.finance.core.service.impl.UserInfoServiceImpl.login(UserInfoServiceImpl.java:86)
	at com.krian.finance.core.service.impl.UserInfoServiceImpl$$FastClassBySpringCGLIB$$1dce3b16.invoke(<generated>)
	at org.springframework.cglib.proxy.MethodProxy.invoke(MethodProxy.java:218)
	at org.springframework.aop.framework.CglibAopProxy$CglibMethodInvocation.invokeJoinpoint(CglibAopProxy.java:771)
	at org.springframework.aop.framework.ReflectiveMethodInvocation.proceed(ReflectiveMethodInvocation.java:163)
	at org.springframework.aop.framework.CglibAopProxy$CglibMethodInvocation.proceed(CglibAopProxy.java:749)
	at org.springframework.transaction.interceptor.TransactionAspectSupport.invokeWithinTransaction(TransactionAspectSupport.java:367)
	at org.springframework.transaction.interceptor.TransactionInterceptor.invoke(TransactionInterceptor.java:118)
	at org.springframework.aop.framework.ReflectiveMethodInvocation.proceed(ReflectiveMethodInvocation.java:186)
	at org.springframework.aop.framework.CglibAopProxy$CglibMethodInvocation.proceed(CglibAopProxy.java:749)
	at org.springframework.aop.framework.CglibAopProxy$DynamicAdvisedInterceptor.intercept(CglibAopProxy.java:691)
	at com.krian.finance.core.service.impl.UserInfoServiceImpl$$EnhancerBySpringCGLIB$$56226a82.login(<generated>)
	at com.krian.finance.core.controller.api.UserInfoController.login(UserInfoController.java:81)
	at sun.reflect.NativeMethodAccessorImpl.invoke0(Native Method)
	at sun.reflect.NativeMethodAccessorImpl.invoke(NativeMethodAccessorImpl.java:62)
	at sun.reflect.DelegatingMethodAccessorImpl.invoke(DelegatingMethodAccessorImpl.java:43)
	at java.lang.reflect.Method.invoke(Method.java:498)
	at org.springframework.web.method.support.InvocableHandlerMethod.doInvoke(InvocableHandlerMethod.java:190)
	at org.springframework.web.method.support.InvocableHandlerMethod.invokeForRequest(InvocableHandlerMethod.java:138)
	at org.springframework.web.servlet.mvc.method.annotation.ServletInvocableHandlerMethod.invokeAndHandle(ServletInvocableHandlerMethod.java:105)
	at org.springframework.web.servlet.mvc.method.annotation.RequestMappingHandlerAdapter.invokeHandlerMethod(RequestMappingHandlerAdapter.java:878)
	at org.springframework.web.servlet.mvc.method.annotation.RequestMappingHandlerAdapter.handleInternal(RequestMappingHandlerAdapter.java:792)
	at org.springframework.web.servlet.mvc.method.AbstractHandlerMethodAdapter.handle(AbstractHandlerMethodAdapter.java:87)
	at org.springframework.web.servlet.DispatcherServlet.doDispatch(DispatcherServlet.java:1040)
	at org.springframework.web.servlet.DispatcherServlet.doService(DispatcherServlet.java:943)
	at org.springframework.web.servlet.FrameworkServlet.processRequest(FrameworkServlet.java:1006)
	at org.springframework.web.servlet.FrameworkServlet.doPost(FrameworkServlet.java:909)
	at javax.servlet.http.HttpServlet.service(HttpServlet.java:652)
	at org.springframework.web.servlet.FrameworkServlet.service(FrameworkServlet.java:883)
	at javax.servlet.http.HttpServlet.service(HttpServlet.java:733)
	at org.apache.catalina.core.ApplicationFilterChain.internalDoFilter(ApplicationFilterChain.java:231)
	at org.apache.catalina.core.ApplicationFilterChain.doFilter(ApplicationFilterChain.java:166)
	at org.apache.tomcat.websocket.server.WsFilter.doFilter(WsFilter.java:53)
	at org.apache.catalina.core.ApplicationFilterChain.internalDoFilter(ApplicationFilterChain.java:193)
	at org.apache.catalina.core.ApplicationFilterChain.doFilter(ApplicationFilterChain.java:166)
	at org.springframework.web.filter.RequestContextFilter.doFilterInternal(RequestContextFilter.java:100)
	at org.springframework.web.filter.OncePerRequestFilter.doFilter(OncePerRequestFilter.java:119)
	at org.apache.catalina.core.ApplicationFilterChain.internalDoFilter(ApplicationFilterChain.java:193)
	at org.apache.catalina.core.ApplicationFilterChain.doFilter(ApplicationFilterChain.java:166)
	at org.springframework.web.filter.FormContentFilter.doFilterInternal(FormContentFilter.java:93)
	at org.springframework.web.filter.OncePerRequestFilter.doFilter(OncePerRequestFilter.java:119)
	at org.apache.catalina.core.ApplicationFilterChain.internalDoFilter(ApplicationFilterChain.java:193)
	at org.apache.catalina.core.ApplicationFilterChain.doFilter(ApplicationFilterChain.java:166)
	at org.springframework.web.filter.CharacterEncodingFilter.doFilterInternal(CharacterEncodingFilter.java:201)
	at org.springframework.web.filter.OncePerRequestFilter.doFilter(OncePerRequestFilter.java:119)
	at org.apache.catalina.core.ApplicationFilterChain.internalDoFilter(ApplicationFilterChain.java:193)
	at org.apache.catalina.core.ApplicationFilterChain.doFilter(ApplicationFilterChain.java:166)
	at org.apache.catalina.core.StandardWrapperValve.invoke(StandardWrapperValve.java:202)
	at org.apache.catalina.core.StandardContextValve.invoke(StandardContextValve.java:97)
	at org.apache.catalina.authenticator.AuthenticatorBase.invoke(AuthenticatorBase.java:541)
	at org.apache.catalina.core.StandardHostValve.invoke(StandardHostValve.java:143)
	at org.apache.catalina.valves.ErrorReportValve.invoke(ErrorReportValve.java:92)
	at org.apache.catalina.core.StandardEngineValve.invoke(StandardEngineValve.java:78)
	at org.apache.catalina.connector.CoyoteAdapter.service(CoyoteAdapter.java:343)
	at org.apache.coyote.http11.Http11Processor.service(Http11Processor.java:374)
	at org.apache.coyote.AbstractProcessorLight.process(AbstractProcessorLight.java:65)
	at org.apache.coyote.AbstractProtocol$ConnectionHandler.process(AbstractProtocol.java:868)
	at org.apache.tomcat.util.net.NioEndpoint$SocketProcessor.doRun(NioEndpoint.java:1590)
	at org.apache.tomcat.util.net.SocketProcessorBase.run(SocketProcessorBase.java:49)
	at java.util.concurrent.ThreadPoolExecutor.runWorker(ThreadPoolExecutor.java:1149)
	at java.util.concurrent.ThreadPoolExecutor$Worker.run(ThreadPoolExecutor.java:624)
	at org.apache.tomcat.util.threads.TaskThread$WrappingRunnable.run(TaskThread.java:61)
	at java.lang.Thread.run(Thread.java:748)
2022-09-21 09:48:44 [INFO ] http-nio-8110-exec-8 RequestHelper.java:39 com.krian.finance.core.bank.RequestHelper 加密前：999888|7|1234600000000000|重庆银行|500104200106292415|18723220402|http://localhost/api/core/userBind/notify|18723220402|http://localhost:3000/user|1663724924231|9876543210
2022-09-21 09:48:44 [INFO ] http-nio-8110-exec-8 RequestHelper.java:41 com.krian.finance.core.bank.RequestHelper 加密后：55d1aa6f1f1409432f9e1686e1130d07
2022-09-21 19:14:47 [INFO ] main SpringApplication.java:655 com.krian.finance.core.ServiceCoreApplication The following profiles are active: dev
2022-09-21 19:14:50 [INFO ] main SpringApplication.java:655 com.krian.finance.sms.ServiceSmsApplication The following profiles are active: dev
2022-09-21 19:14:54 [INFO ] main SpringApplication.java:655 com.krian.finance.gateway.ServiceGatewayApplication The following profiles are active: dev
2022-09-21 19:15:52 [INFO ] main SpringApplication.java:655 com.krian.finance.core.ServiceCoreApplication The following profiles are active: dev
2022-09-21 19:17:11 [INFO ] main SpringApplication.java:655 com.krian.finance.core.ServiceCoreApplication The following profiles are active: dev
2022-09-21 19:17:28 [INFO ] main SpringApplication.java:655 com.krian.finance.core.ServiceCoreApplication The following profiles are active: dev
2022-09-21 19:18:41 [INFO ] main SpringApplication.java:655 com.krian.finance.core.ServiceCoreApplication The following profiles are active: dev
2022-09-21 19:22:56 [INFO ] main SpringApplication.java:655 com.krian.finance.core.ServiceCoreApplication The following profiles are active: dev
2022-09-21 19:23:42 [INFO ] main SpringApplication.java:655 com.krian.finance.core.ServiceCoreApplication The following profiles are active: dev
2022-09-21 19:26:58 [INFO ] main SpringApplication.java:655 com.krian.finance.core.ServiceCoreApplication The following profiles are active: dev
2022-09-21 19:28:02 [INFO ] main SpringApplication.java:655 com.krian.finance.core.ServiceCoreApplication The following profiles are active: dev
2022-09-21 19:28:55 [INFO ] main SpringApplication.java:655 com.krian.finance.core.ServiceCoreApplication The following profiles are active: dev
2022-09-21 19:29:13 [INFO ] main SpringApplication.java:655 com.krian.finance.core.ServiceCoreApplication The following profiles are active: dev
2022-09-21 19:45:09 [INFO ] main SpringApplication.java:655 com.krian.finance.core.ServiceCoreApplication The following profiles are active: dev
2022-09-21 19:54:48 [INFO ] main SpringApplication.java:655 com.krian.finance.core.ServiceCoreApplication The following profiles are active: dev
2022-09-21 19:57:22 [INFO ] main SpringApplication.java:655 com.krian.finance.core.ServiceCoreApplication The following profiles are active: dev
2022-09-21 19:57:48 [INFO ] main SpringApplication.java:655 com.krian.finance.core.ServiceCoreApplication The following profiles are active: dev
2022-09-21 20:00:01 [INFO ] main SpringApplication.java:655 com.krian.finance.core.ServiceCoreApplication The following profiles are active: dev
2022-09-21 20:01:16 [INFO ] main SpringApplication.java:655 com.krian.finance.core.ServiceCoreApplication The following profiles are active: dev
2022-09-21 20:02:08 [INFO ] main SpringApplication.java:655 com.krian.finance.core.ServiceCoreApplication The following profiles are active: dev
