2022-09-24 07:34:23,123 INFO Starting Nacos v1.4.3 on DESKTOP-O0VU2GF with PID 18008 (E:\SoftwareProject\FinancePlatform\nacos-1.4.3\target\nacos-server.jar started by Krian in E:\SoftwareProject\FinancePlatform\nacos-1.4.3\bin)

2022-09-24 07:34:23,124 INFO The following profiles are active: standalone

2022-09-24 07:34:25,737 INFO Bean 'org.springframework.security.access.expression.method.DefaultMethodSecurityExpressionHandler@2fb0623e' of type [org.springframework.security.access.expression.method.DefaultMethodSecurityExpressionHandler] is not eligible for getting processed by all BeanPostProcessors (for example: not eligible for auto-proxying)

2022-09-24 07:34:25,746 INFO Bean 'methodSecurityMetadataSource' of type [org.springframework.security.access.method.DelegatingMethodSecurityMetadataSource] is not eligible for getting processed by all BeanPostProcessors (for example: not eligible for auto-proxying)

2022-09-24 07:34:26,296 INFO Tomcat initialized with port(s): 8848 (http)

2022-09-24 07:34:26,343 INFO Starting service [Tomcat]

2022-09-24 07:34:26,344 INFO Starting Servlet engine: [Apache Tomcat/9.0.38]

2022-09-24 07:34:26,689 INFO At least one JAR was scanned for TLDs yet contained no TLDs. Enable debug logging for this logger for a complete list of JARs that were scanned but no TLDs were found in them. Skipping unneeded JARs during scanning can improve startup time and JSP compilation time.

2022-09-24 07:34:26,731 INFO Initializing Spring embedded WebApplicationContext

2022-09-24 07:34:26,732 INFO Root WebApplicationContext: initialization completed in 3529 ms

2022-09-24 07:34:27,351 INFO HikariPool-1 - Starting...

2022-09-24 07:34:27,356 WARN Registered driver with driverClassName=org.apache.derby.jdbc.EmbeddedDriver was not found, trying direct instantiation.

2022-09-24 07:34:28,655 INFO HikariPool-1 - Driver does not support get/set network timeout for connections. (Feature not implemented: No details.)

2022-09-24 07:34:28,659 INFO HikariPool-1 - Start completed.

2022-09-24 07:34:30,912 INFO Nacos-related cluster resource initialization

2022-09-24 07:34:30,924 INFO The cluster resource is initialized

2022-09-24 07:34:31,419 INFO Reflections took 55 ms to scan 1 urls, producing 4 keys and 6 values 

2022-09-24 07:34:31,457 INFO Reflections took 7 ms to scan 1 urls, producing 6 keys and 26 values 

2022-09-24 07:34:31,480 INFO Reflections took 7 ms to scan 1 urls, producing 3 keys and 15 values 

2022-09-24 07:34:31,495 INFO Reflections took 4 ms to scan 1 urls, producing 2 keys and 12 values 

2022-09-24 07:34:32,529 INFO Initializing ExecutorService 'applicationTaskExecutor'

2022-09-24 07:34:32,677 INFO Adding welcome page: class path resource [static/index.html]

2022-09-24 07:34:33,137 INFO Creating filter chain: Ant [pattern='/**'], []

2022-09-24 07:34:33,182 INFO Creating filter chain: any request, [org.springframework.security.web.context.request.async.WebAsyncManagerIntegrationFilter@1849db1a, org.springframework.security.web.context.SecurityContextPersistenceFilter@fd46303, org.springframework.security.web.header.HeaderWriterFilter@71e5f61d, org.springframework.security.web.csrf.CsrfFilter@2d10e0b1, org.springframework.security.web.authentication.logout.LogoutFilter@79e18e38, org.springframework.security.web.savedrequest.RequestCacheAwareFilter@4204541c, org.springframework.security.web.servletapi.SecurityContextHolderAwareRequestFilter@60fa3495, org.springframework.security.web.authentication.AnonymousAuthenticationFilter@69c79f09, org.springframework.security.web.session.SessionManagementFilter@5e8f9e2d, org.springframework.security.web.access.ExceptionTranslationFilter@172ca72b]

2022-09-24 07:34:33,288 INFO Initializing ExecutorService 'taskScheduler'

2022-09-24 07:34:33,314 INFO Exposing 2 endpoint(s) beneath base path '/actuator'

2022-09-24 07:34:33,441 INFO Tomcat started on port(s): 8848 (http) with context path '/nacos'

2022-09-24 07:34:33,447 INFO Started Nacos in 11.656 seconds (JVM running for 12.82)

2022-09-24 07:34:33,448 INFO Nacos started successfully in stand alone mode. use embedded storage

2022-09-24 07:35:25,614 INFO Initializing Spring DispatcherServlet 'dispatcherServlet'

2022-09-24 07:35:25,614 INFO Initializing Servlet 'dispatcherServlet'

2022-09-24 07:35:25,624 INFO Completed initialization in 9 ms

2022-09-24 07:44:31,693 INFO [capacityManagement] start correct usage

2022-09-24 07:44:31,750 INFO [capacityManagement] end correct usage, cost: 0s

2022-09-24 07:44:32,157 WARN clearConfigHistory start

2022-09-24 07:54:31,764 INFO [capacityManagement] start correct usage

2022-09-24 07:54:31,765 INFO [capacityManagement] end correct usage, cost: 0s

2022-09-24 07:54:32,192 WARN clearConfigHistory start

2022-09-24 08:04:31,770 INFO [capacityManagement] start correct usage

2022-09-24 08:04:31,771 INFO [capacityManagement] end correct usage, cost: 0s

2022-09-24 08:04:32,198 WARN clearConfigHistory start

2022-09-24 08:14:31,781 INFO [capacityManagement] start correct usage

2022-09-24 08:14:31,782 INFO [capacityManagement] end correct usage, cost: 0s

2022-09-24 08:14:32,211 WARN clearConfigHistory start

2022-09-24 08:24:31,795 INFO [capacityManagement] start correct usage

2022-09-24 08:24:31,796 INFO [capacityManagement] end correct usage, cost: 0s

2022-09-24 08:24:32,227 WARN clearConfigHistory start

2022-09-24 08:34:31,806 INFO [capacityManagement] start correct usage

2022-09-24 08:34:31,807 INFO [capacityManagement] end correct usage, cost: 0s

2022-09-24 08:34:32,228 WARN clearConfigHistory start

2022-09-24 08:44:31,818 INFO [capacityManagement] start correct usage

2022-09-24 08:44:31,819 INFO [capacityManagement] end correct usage, cost: 0s

2022-09-24 08:44:32,230 WARN clearConfigHistory start

2022-09-24 08:54:31,831 INFO [capacityManagement] start correct usage

2022-09-24 08:54:31,832 INFO [capacityManagement] end correct usage, cost: 0s

2022-09-24 08:54:32,241 WARN clearConfigHistory start

2022-09-24 09:04:29,382 INFO [capacityManagement] start correct usage

2022-09-24 09:04:29,382 INFO [capacityManagement] end correct usage, cost: 0s

2022-09-24 09:04:29,796 WARN clearConfigHistory start

2022-09-24 09:14:29,393 INFO [capacityManagement] start correct usage

2022-09-24 09:14:29,393 INFO [capacityManagement] end correct usage, cost: 0s

2022-09-24 09:14:29,809 WARN clearConfigHistory start

2022-09-24 09:24:29,396 INFO [capacityManagement] start correct usage

2022-09-24 09:24:29,396 INFO [capacityManagement] end correct usage, cost: 0s

2022-09-24 09:24:29,812 WARN clearConfigHistory start

2022-09-24 09:34:29,411 INFO [capacityManagement] start correct usage

2022-09-24 09:34:29,411 INFO [capacityManagement] end correct usage, cost: 0s

2022-09-24 09:34:29,820 WARN clearConfigHistory start

2022-09-24 09:44:29,425 INFO [capacityManagement] start correct usage

2022-09-24 09:44:29,425 INFO [capacityManagement] end correct usage, cost: 0s

2022-09-24 09:44:29,822 WARN clearConfigHistory start

2022-09-24 09:54:29,436 INFO [capacityManagement] start correct usage

2022-09-24 09:54:29,436 INFO [capacityManagement] end correct usage, cost: 0s

2022-09-24 09:54:29,832 WARN clearConfigHistory start

2022-09-24 10:04:29,448 INFO [capacityManagement] start correct usage

2022-09-24 10:04:29,449 INFO [capacityManagement] end correct usage, cost: 0s

2022-09-24 10:04:29,846 WARN clearConfigHistory start

2022-09-24 10:14:29,460 INFO [capacityManagement] start correct usage

2022-09-24 10:14:29,463 INFO [capacityManagement] end correct usage, cost: 0s

2022-09-24 10:14:29,860 WARN clearConfigHistory start

2022-09-24 10:24:29,475 INFO [capacityManagement] start correct usage

2022-09-24 10:24:29,476 INFO [capacityManagement] end correct usage, cost: 0s

2022-09-24 10:24:29,875 WARN clearConfigHistory start

2022-09-24 10:34:29,479 INFO [capacityManagement] start correct usage

2022-09-24 10:34:29,480 INFO [capacityManagement] end correct usage, cost: 0s

2022-09-24 10:34:29,877 WARN clearConfigHistory start

2022-09-24 10:44:29,492 INFO [capacityManagement] start correct usage

2022-09-24 10:44:29,493 INFO [capacityManagement] end correct usage, cost: 0s

2022-09-24 10:44:29,888 WARN clearConfigHistory start

2022-09-24 10:54:29,499 INFO [capacityManagement] start correct usage

2022-09-24 10:54:29,500 INFO [capacityManagement] end correct usage, cost: 0s

2022-09-24 10:54:29,896 WARN clearConfigHistory start

2022-09-24 11:04:29,510 INFO [capacityManagement] start correct usage

2022-09-24 11:04:29,510 INFO [capacityManagement] end correct usage, cost: 0s

2022-09-24 11:04:29,910 WARN clearConfigHistory start

2022-09-24 11:14:29,516 INFO [capacityManagement] start correct usage

2022-09-24 11:14:29,516 INFO [capacityManagement] end correct usage, cost: 0s

2022-09-24 11:14:29,915 WARN clearConfigHistory start

2022-09-24 11:24:29,528 INFO [capacityManagement] start correct usage

2022-09-24 11:24:29,528 INFO [capacityManagement] end correct usage, cost: 0s

2022-09-24 11:24:29,928 WARN clearConfigHistory start

2022-09-24 11:34:29,529 INFO [capacityManagement] start correct usage

2022-09-24 11:34:29,530 INFO [capacityManagement] end correct usage, cost: 0s

2022-09-24 11:34:29,942 WARN clearConfigHistory start

2022-09-24 11:44:29,534 INFO [capacityManagement] start correct usage

2022-09-24 11:44:29,534 INFO [capacityManagement] end correct usage, cost: 0s

2022-09-24 11:44:29,950 WARN clearConfigHistory start

2022-09-24 11:54:29,540 INFO [capacityManagement] start correct usage

2022-09-24 11:54:29,540 INFO [capacityManagement] end correct usage, cost: 0s

2022-09-24 11:54:29,956 WARN clearConfigHistory start

2022-09-24 12:04:29,547 INFO [capacityManagement] start correct usage

2022-09-24 12:04:29,547 INFO [capacityManagement] end correct usage, cost: 0s

2022-09-24 12:04:29,957 WARN clearConfigHistory start

2022-09-24 12:14:29,559 INFO [capacityManagement] start correct usage

2022-09-24 12:14:29,560 INFO [capacityManagement] end correct usage, cost: 0s

2022-09-24 12:14:29,970 WARN clearConfigHistory start

2022-09-24 12:24:29,571 INFO [capacityManagement] start correct usage

2022-09-24 12:24:29,571 INFO [capacityManagement] end correct usage, cost: 0s

2022-09-24 12:24:29,985 WARN clearConfigHistory start

2022-09-24 12:34:29,579 INFO [capacityManagement] start correct usage

2022-09-24 12:34:29,579 INFO [capacityManagement] end correct usage, cost: 0s

2022-09-24 12:34:29,992 WARN clearConfigHistory start

2022-09-24 12:44:29,586 INFO [capacityManagement] start correct usage

2022-09-24 12:44:29,586 INFO [capacityManagement] end correct usage, cost: 0s

2022-09-24 12:44:29,997 WARN clearConfigHistory start

2022-09-24 12:54:29,596 INFO [capacityManagement] start correct usage

2022-09-24 12:54:29,596 INFO [capacityManagement] end correct usage, cost: 0s

2022-09-24 12:54:30,006 WARN clearConfigHistory start

2022-09-24 13:04:29,602 INFO [capacityManagement] start correct usage

2022-09-24 13:04:29,602 INFO [capacityManagement] end correct usage, cost: 0s

2022-09-24 13:04:30,016 WARN clearConfigHistory start

2022-09-24 13:14:29,608 INFO [capacityManagement] start correct usage

2022-09-24 13:14:29,608 INFO [capacityManagement] end correct usage, cost: 0s

2022-09-24 13:14:30,020 WARN clearConfigHistory start

2022-09-24 13:24:29,609 INFO [capacityManagement] start correct usage

2022-09-24 13:24:29,609 INFO [capacityManagement] end correct usage, cost: 0s

2022-09-24 13:24:30,035 WARN clearConfigHistory start

2022-09-24 13:34:29,611 INFO [capacityManagement] start correct usage

2022-09-24 13:34:29,611 INFO [capacityManagement] end correct usage, cost: 0s

2022-09-24 13:34:30,041 WARN clearConfigHistory start

2022-09-24 13:44:29,627 INFO [capacityManagement] start correct usage

2022-09-24 13:44:29,627 INFO [capacityManagement] end correct usage, cost: 0s

2022-09-24 13:44:30,053 WARN clearConfigHistory start

2022-09-24 13:54:29,628 INFO [capacityManagement] start correct usage

2022-09-24 13:54:29,628 INFO [capacityManagement] end correct usage, cost: 0s

2022-09-24 13:54:30,060 WARN clearConfigHistory start

2022-09-24 14:04:29,632 INFO [capacityManagement] start correct usage

2022-09-24 14:04:29,632 INFO [capacityManagement] end correct usage, cost: 0s

2022-09-24 14:04:30,077 WARN clearConfigHistory start

2022-09-24 14:14:29,640 INFO [capacityManagement] start correct usage

2022-09-24 14:14:29,640 INFO [capacityManagement] end correct usage, cost: 0s

2022-09-24 14:14:30,088 WARN clearConfigHistory start

2022-09-24 14:24:29,647 INFO [capacityManagement] start correct usage

2022-09-24 14:24:29,648 INFO [capacityManagement] end correct usage, cost: 0s

2022-09-24 14:24:30,093 WARN clearConfigHistory start

2022-09-24 14:34:29,659 INFO [capacityManagement] start correct usage

2022-09-24 14:34:29,659 INFO [capacityManagement] end correct usage, cost: 0s

2022-09-24 14:34:30,105 WARN clearConfigHistory start

2022-09-24 14:44:29,675 INFO [capacityManagement] start correct usage

2022-09-24 14:44:29,675 INFO [capacityManagement] end correct usage, cost: 0s

2022-09-24 14:44:30,121 WARN clearConfigHistory start

2022-09-24 14:54:29,679 INFO [capacityManagement] start correct usage

2022-09-24 14:54:29,679 INFO [capacityManagement] end correct usage, cost: 0s

2022-09-24 14:54:30,125 WARN clearConfigHistory start

2022-09-24 15:04:29,693 INFO [capacityManagement] start correct usage

2022-09-24 15:04:29,694 INFO [capacityManagement] end correct usage, cost: 0s

2022-09-24 15:04:30,132 WARN clearConfigHistory start

2022-09-24 15:14:29,694 INFO [capacityManagement] start correct usage

2022-09-24 15:14:29,695 INFO [capacityManagement] end correct usage, cost: 0s

2022-09-24 15:14:30,134 WARN clearConfigHistory start

2022-09-24 15:24:29,707 INFO [capacityManagement] start correct usage

2022-09-24 15:24:29,707 INFO [capacityManagement] end correct usage, cost: 0s

2022-09-24 15:24:30,138 WARN clearConfigHistory start

2022-09-24 15:34:29,718 INFO [capacityManagement] start correct usage

2022-09-24 15:34:29,718 INFO [capacityManagement] end correct usage, cost: 0s

2022-09-24 15:34:30,142 WARN clearConfigHistory start

2022-09-24 15:44:29,726 INFO [capacityManagement] start correct usage

2022-09-24 15:44:29,726 INFO [capacityManagement] end correct usage, cost: 0s

2022-09-24 15:44:30,155 WARN clearConfigHistory start

2022-09-24 15:54:29,738 INFO [capacityManagement] start correct usage

2022-09-24 15:54:29,738 INFO [capacityManagement] end correct usage, cost: 0s

2022-09-24 15:54:30,165 WARN clearConfigHistory start

2022-09-24 16:04:29,748 INFO [capacityManagement] start correct usage

2022-09-24 16:04:29,748 INFO [capacityManagement] end correct usage, cost: 0s

2022-09-24 16:04:30,180 WARN clearConfigHistory start

2022-09-24 16:14:29,762 INFO [capacityManagement] start correct usage

2022-09-24 16:14:29,762 INFO [capacityManagement] end correct usage, cost: 0s

2022-09-24 16:14:30,186 WARN clearConfigHistory start

2022-09-24 16:24:29,776 INFO [capacityManagement] start correct usage

2022-09-24 16:24:29,776 INFO [capacityManagement] end correct usage, cost: 0s

2022-09-24 16:24:30,189 WARN clearConfigHistory start

2022-09-24 16:34:29,780 INFO [capacityManagement] start correct usage

2022-09-24 16:34:29,780 INFO [capacityManagement] end correct usage, cost: 0s

2022-09-24 16:34:30,205 WARN clearConfigHistory start

2022-09-24 16:44:29,783 INFO [capacityManagement] start correct usage

2022-09-24 16:44:29,783 INFO [capacityManagement] end correct usage, cost: 0s

2022-09-24 16:44:30,209 WARN clearConfigHistory start

2022-09-24 16:54:29,798 INFO [capacityManagement] start correct usage

2022-09-24 16:54:29,798 INFO [capacityManagement] end correct usage, cost: 0s

2022-09-24 16:54:30,223 WARN clearConfigHistory start

2022-09-24 17:04:29,812 INFO [capacityManagement] start correct usage

2022-09-24 17:04:29,812 INFO [capacityManagement] end correct usage, cost: 0s

2022-09-24 17:04:30,243 WARN clearConfigHistory start

2022-09-24 17:14:29,815 INFO [capacityManagement] start correct usage

2022-09-24 17:14:29,815 INFO [capacityManagement] end correct usage, cost: 0s

2022-09-24 17:14:30,245 WARN clearConfigHistory start

2022-09-24 17:24:29,816 INFO [capacityManagement] start correct usage

2022-09-24 17:24:29,816 INFO [capacityManagement] end correct usage, cost: 0s

2022-09-24 17:24:30,260 WARN clearConfigHistory start

2022-09-24 17:34:29,826 INFO [capacityManagement] start correct usage

2022-09-24 17:34:29,826 INFO [capacityManagement] end correct usage, cost: 0s

2022-09-24 17:34:30,272 WARN clearConfigHistory start

2022-09-24 17:44:29,834 INFO [capacityManagement] start correct usage

2022-09-24 17:44:29,834 INFO [capacityManagement] end correct usage, cost: 0s

2022-09-24 17:44:30,276 WARN clearConfigHistory start

2022-09-24 17:54:29,837 INFO [capacityManagement] start correct usage

2022-09-24 17:54:29,837 INFO [capacityManagement] end correct usage, cost: 0s

2022-09-24 17:54:30,283 WARN clearConfigHistory start

2022-09-24 18:04:29,838 INFO [capacityManagement] start correct usage

2022-09-24 18:04:29,838 INFO [capacityManagement] end correct usage, cost: 0s

2022-09-24 18:04:30,286 WARN clearConfigHistory start

2022-09-24 18:14:29,847 INFO [capacityManagement] start correct usage

2022-09-24 18:14:29,847 INFO [capacityManagement] end correct usage, cost: 0s

2022-09-24 18:14:30,293 WARN clearConfigHistory start

2022-09-24 18:24:29,860 INFO [capacityManagement] start correct usage

2022-09-24 18:24:29,860 INFO [capacityManagement] end correct usage, cost: 0s

2022-09-24 18:24:30,308 WARN clearConfigHistory start

2022-09-24 18:34:29,867 INFO [capacityManagement] start correct usage

2022-09-24 18:34:29,867 INFO [capacityManagement] end correct usage, cost: 0s

2022-09-24 18:34:30,313 WARN clearConfigHistory start

2022-09-24 18:44:29,874 INFO [capacityManagement] start correct usage

2022-09-24 18:44:29,874 INFO [capacityManagement] end correct usage, cost: 0s

2022-09-24 18:44:30,322 WARN clearConfigHistory start

2022-09-24 18:54:29,875 INFO [capacityManagement] start correct usage

2022-09-24 18:54:29,876 INFO [capacityManagement] end correct usage, cost: 0s

2022-09-24 18:54:30,336 WARN clearConfigHistory start

2022-09-24 19:04:29,890 INFO [capacityManagement] start correct usage

2022-09-24 19:04:29,890 INFO [capacityManagement] end correct usage, cost: 0s

2022-09-24 19:04:30,353 WARN clearConfigHistory start

2022-09-24 19:14:29,893 INFO [capacityManagement] start correct usage

2022-09-24 19:14:29,893 INFO [capacityManagement] end correct usage, cost: 0s

2022-09-24 19:14:30,357 WARN clearConfigHistory start

2022-09-24 19:24:29,907 INFO [capacityManagement] start correct usage

2022-09-24 19:24:29,907 INFO [capacityManagement] end correct usage, cost: 0s

2022-09-24 19:24:30,369 WARN clearConfigHistory start

2022-09-24 19:34:29,921 INFO [capacityManagement] start correct usage

2022-09-24 19:34:29,921 INFO [capacityManagement] end correct usage, cost: 0s

2022-09-24 19:34:30,379 WARN clearConfigHistory start

2022-09-24 19:44:29,925 INFO [capacityManagement] start correct usage

2022-09-24 19:44:29,925 INFO [capacityManagement] end correct usage, cost: 0s

2022-09-24 19:44:30,389 WARN clearConfigHistory start

2022-09-24 19:54:29,940 INFO [capacityManagement] start correct usage

2022-09-24 19:54:29,940 INFO [capacityManagement] end correct usage, cost: 0s

2022-09-24 19:54:30,402 WARN clearConfigHistory start

2022-09-24 20:04:29,946 INFO [capacityManagement] start correct usage

2022-09-24 20:04:29,946 INFO [capacityManagement] end correct usage, cost: 0s

2022-09-24 20:04:30,405 WARN clearConfigHistory start

2022-09-24 20:14:29,957 INFO [capacityManagement] start correct usage

2022-09-24 20:14:29,957 INFO [capacityManagement] end correct usage, cost: 0s

2022-09-24 20:14:30,417 WARN clearConfigHistory start

2022-09-24 20:24:29,970 INFO [capacityManagement] start correct usage

2022-09-24 20:24:29,970 INFO [capacityManagement] end correct usage, cost: 0s

2022-09-24 20:24:30,429 WARN clearConfigHistory start

2022-09-24 20:34:29,975 INFO [capacityManagement] start correct usage

2022-09-24 20:34:29,975 INFO [capacityManagement] end correct usage, cost: 0s

2022-09-24 20:34:30,435 WARN clearConfigHistory start

2022-09-24 20:44:29,978 INFO [capacityManagement] start correct usage

2022-09-24 20:44:29,978 INFO [capacityManagement] end correct usage, cost: 0s

2022-09-24 20:44:30,438 WARN clearConfigHistory start

2022-09-24 20:54:29,981 INFO [capacityManagement] start correct usage

2022-09-24 20:54:29,981 INFO [capacityManagement] end correct usage, cost: 0s

2022-09-24 20:54:30,443 WARN clearConfigHistory start

2022-09-24 21:04:29,984 INFO [capacityManagement] start correct usage

2022-09-24 21:04:29,984 INFO [capacityManagement] end correct usage, cost: 0s

2022-09-24 21:04:30,444 WARN clearConfigHistory start

2022-09-24 21:14:29,986 INFO [capacityManagement] start correct usage

2022-09-24 21:14:29,986 INFO [capacityManagement] end correct usage, cost: 0s

2022-09-24 21:14:30,448 WARN clearConfigHistory start

2022-09-24 21:24:29,988 INFO [capacityManagement] start correct usage

2022-09-24 21:24:29,996 INFO [capacityManagement] end correct usage, cost: 0s

2022-09-24 21:24:30,464 WARN clearConfigHistory start

2022-09-24 21:34:30,002 INFO [capacityManagement] start correct usage

2022-09-24 21:34:30,002 INFO [capacityManagement] end correct usage, cost: 0s

2022-09-24 21:34:30,480 WARN clearConfigHistory start

2022-09-24 21:44:30,011 INFO [capacityManagement] start correct usage

2022-09-24 21:44:30,011 INFO [capacityManagement] end correct usage, cost: 0s

2022-09-24 21:44:30,491 WARN clearConfigHistory start

2022-09-24 21:54:30,012 INFO [capacityManagement] start correct usage

2022-09-24 21:54:30,012 INFO [capacityManagement] end correct usage, cost: 0s

2022-09-24 21:54:30,504 WARN clearConfigHistory start

2022-09-24 22:04:30,026 INFO [capacityManagement] start correct usage

2022-09-24 22:04:30,026 INFO [capacityManagement] end correct usage, cost: 0s

2022-09-24 22:04:30,514 WARN clearConfigHistory start

2022-09-24 22:14:30,027 INFO [capacityManagement] start correct usage

2022-09-24 22:14:30,027 INFO [capacityManagement] end correct usage, cost: 0s

2022-09-24 22:14:30,519 WARN clearConfigHistory start

2022-09-24 22:24:30,039 INFO [capacityManagement] start correct usage

2022-09-24 22:24:30,039 INFO [capacityManagement] end correct usage, cost: 0s

2022-09-24 22:24:30,529 WARN clearConfigHistory start

2022-09-24 22:34:30,043 INFO [capacityManagement] start correct usage

2022-09-24 22:34:30,043 INFO [capacityManagement] end correct usage, cost: 0s

2022-09-24 22:34:30,535 WARN clearConfigHistory start

