2022-09-21 09:26:50,564 INFO Starting Nacos v1.4.3 on DESKTOP-O0VU2GF with PID 12616 (E:\SoftwareProject\FinancePlatform\nacos-1.4.3\target\nacos-server.jar started by Krian in E:\SoftwareProject\FinancePlatform\nacos-1.4.3\bin)

2022-09-21 09:26:50,566 INFO The following profiles are active: standalone

2022-09-21 09:26:53,032 INFO Bean 'org.springframework.security.access.expression.method.DefaultMethodSecurityExpressionHandler@f58853c' of type [org.springframework.security.access.expression.method.DefaultMethodSecurityExpressionHandler] is not eligible for getting processed by all BeanPostProcessors (for example: not eligible for auto-proxying)

2022-09-21 09:26:53,038 INFO Bean 'methodSecurityMetadataSource' of type [org.springframework.security.access.method.DelegatingMethodSecurityMetadataSource] is not eligible for getting processed by all BeanPostProcessors (for example: not eligible for auto-proxying)

2022-09-21 09:26:53,627 INFO Tomcat initialized with port(s): 8848 (http)

2022-09-21 09:26:53,685 INFO Starting service [Tomcat]

2022-09-21 09:26:53,686 INFO Starting Servlet engine: [Apache Tomcat/9.0.38]

2022-09-21 09:26:54,057 INFO At least one JAR was scanned for TLDs yet contained no TLDs. Enable debug logging for this logger for a complete list of JARs that were scanned but no TLDs were found in them. Skipping unneeded JARs during scanning can improve startup time and JSP compilation time.

2022-09-21 09:26:54,102 INFO Initializing Spring embedded WebApplicationContext

2022-09-21 09:26:54,102 INFO Root WebApplicationContext: initialization completed in 3458 ms

2022-09-21 09:26:54,707 INFO HikariPool-1 - Starting...

2022-09-21 09:26:54,711 WARN Registered driver with driverClassName=org.apache.derby.jdbc.EmbeddedDriver was not found, trying direct instantiation.

2022-09-21 09:26:56,515 INFO HikariPool-1 - Driver does not support get/set network timeout for connections. (Feature not implemented: No details.)

2022-09-21 09:26:56,518 INFO HikariPool-1 - Start completed.

2022-09-21 09:26:58,307 INFO Nacos-related cluster resource initialization

2022-09-21 09:26:58,319 INFO The cluster resource is initialized

2022-09-21 09:26:58,799 INFO Reflections took 47 ms to scan 1 urls, producing 4 keys and 6 values 

2022-09-21 09:26:58,831 INFO Reflections took 5 ms to scan 1 urls, producing 6 keys and 26 values 

2022-09-21 09:26:58,851 INFO Reflections took 5 ms to scan 1 urls, producing 3 keys and 15 values 

2022-09-21 09:26:58,863 INFO Reflections took 2 ms to scan 1 urls, producing 2 keys and 12 values 

2022-09-21 09:26:59,791 INFO Initializing ExecutorService 'applicationTaskExecutor'

2022-09-21 09:27:00,047 INFO Adding welcome page: class path resource [static/index.html]

2022-09-21 09:27:00,519 INFO Creating filter chain: Ant [pattern='/**'], []

2022-09-21 09:27:00,568 INFO Creating filter chain: any request, [org.springframework.security.web.context.request.async.WebAsyncManagerIntegrationFilter@5bda80bf, org.springframework.security.web.context.SecurityContextPersistenceFilter@6c67e137, org.springframework.security.web.header.HeaderWriterFilter@4a9f80d3, org.springframework.security.web.csrf.CsrfFilter@6ffab045, org.springframework.security.web.authentication.logout.LogoutFilter@1c98290c, org.springframework.security.web.savedrequest.RequestCacheAwareFilter@191ae03f, org.springframework.security.web.servletapi.SecurityContextHolderAwareRequestFilter@63c5efee, org.springframework.security.web.authentication.AnonymousAuthenticationFilter@71e5f61d, org.springframework.security.web.session.SessionManagementFilter@41fe9859, org.springframework.security.web.access.ExceptionTranslationFilter@3e2943ab]

2022-09-21 09:27:00,676 INFO Initializing ExecutorService 'taskScheduler'

2022-09-21 09:27:00,701 INFO Exposing 2 endpoint(s) beneath base path '/actuator'

2022-09-21 09:27:00,827 INFO Tomcat started on port(s): 8848 (http) with context path '/nacos'

2022-09-21 09:27:00,832 INFO Started Nacos in 11.294 seconds (JVM running for 11.89)

2022-09-21 09:27:00,832 INFO Nacos started successfully in stand alone mode. use embedded storage

2022-09-21 09:27:01,318 INFO Initializing Spring DispatcherServlet 'dispatcherServlet'

2022-09-21 09:27:01,318 INFO Initializing Servlet 'dispatcherServlet'

2022-09-21 09:27:01,328 INFO Completed initialization in 10 ms

2022-09-21 09:36:59,073 INFO [capacityManagement] start correct usage

2022-09-21 09:36:59,114 INFO [capacityManagement] end correct usage, cost: 0s

2022-09-21 09:36:59,422 WARN clearConfigHistory start

2022-09-21 09:46:59,126 INFO [capacityManagement] start correct usage

2022-09-21 09:46:59,126 INFO [capacityManagement] end correct usage, cost: 0s

2022-09-21 09:46:59,446 WARN clearConfigHistory start

2022-09-21 09:56:59,134 INFO [capacityManagement] start correct usage

2022-09-21 09:56:59,135 INFO [capacityManagement] end correct usage, cost: 0s

2022-09-21 09:56:59,454 WARN clearConfigHistory start

2022-09-21 10:06:59,142 INFO [capacityManagement] start correct usage

2022-09-21 10:06:59,142 INFO [capacityManagement] end correct usage, cost: 0s

2022-09-21 10:06:59,462 WARN clearConfigHistory start

2022-09-21 10:16:59,151 INFO [capacityManagement] start correct usage

2022-09-21 10:16:59,151 INFO [capacityManagement] end correct usage, cost: 0s

2022-09-21 10:16:59,471 WARN clearConfigHistory start

2022-09-21 10:26:59,154 INFO [capacityManagement] start correct usage

2022-09-21 10:26:59,154 INFO [capacityManagement] end correct usage, cost: 0s

2022-09-21 10:26:59,484 WARN clearConfigHistory start

2022-09-21 10:36:59,166 INFO [capacityManagement] start correct usage

2022-09-21 10:36:59,167 INFO [capacityManagement] end correct usage, cost: 0s

2022-09-21 10:36:59,499 WARN clearConfigHistory start

2022-09-21 10:46:59,181 INFO [capacityManagement] start correct usage

2022-09-21 10:46:59,181 INFO [capacityManagement] end correct usage, cost: 0s

2022-09-21 10:46:59,514 WARN clearConfigHistory start

2022-09-21 10:56:59,190 INFO [capacityManagement] start correct usage

2022-09-21 10:56:59,190 INFO [capacityManagement] end correct usage, cost: 0s

2022-09-21 10:56:59,526 WARN clearConfigHistory start

2022-09-21 11:06:59,206 INFO [capacityManagement] start correct usage

2022-09-21 11:06:59,206 INFO [capacityManagement] end correct usage, cost: 0s

2022-09-21 11:06:59,542 WARN clearConfigHistory start

2022-09-21 11:16:59,214 INFO [capacityManagement] start correct usage

2022-09-21 11:16:59,215 INFO [capacityManagement] end correct usage, cost: 0s

2022-09-21 11:16:59,548 WARN clearConfigHistory start

2022-09-21 11:26:59,223 INFO [capacityManagement] start correct usage

2022-09-21 11:26:59,223 INFO [capacityManagement] end correct usage, cost: 0s

2022-09-21 11:26:59,559 WARN clearConfigHistory start

2022-09-21 11:36:59,228 INFO [capacityManagement] start correct usage

2022-09-21 11:36:59,228 INFO [capacityManagement] end correct usage, cost: 0s

2022-09-21 11:36:59,564 WARN clearConfigHistory start

2022-09-21 11:46:59,232 INFO [capacityManagement] start correct usage

2022-09-21 11:46:59,232 INFO [capacityManagement] end correct usage, cost: 0s

2022-09-21 11:46:59,568 WARN clearConfigHistory start

2022-09-21 11:56:59,246 INFO [capacityManagement] start correct usage

2022-09-21 11:56:59,246 INFO [capacityManagement] end correct usage, cost: 0s

2022-09-21 11:56:59,579 WARN clearConfigHistory start

2022-09-21 12:06:59,248 INFO [capacityManagement] start correct usage

2022-09-21 12:06:59,251 INFO [capacityManagement] end correct usage, cost: 0s

2022-09-21 12:06:59,580 WARN clearConfigHistory start

2022-09-21 12:16:59,264 INFO [capacityManagement] start correct usage

2022-09-21 12:16:59,264 INFO [capacityManagement] end correct usage, cost: 0s

2022-09-21 12:16:59,598 WARN clearConfigHistory start

2022-09-21 12:26:59,280 INFO [capacityManagement] start correct usage

2022-09-21 12:26:59,280 INFO [capacityManagement] end correct usage, cost: 0s

2022-09-21 12:26:59,600 WARN clearConfigHistory start

2022-09-21 12:36:59,289 INFO [capacityManagement] start correct usage

2022-09-21 12:36:59,289 INFO [capacityManagement] end correct usage, cost: 0s

2022-09-21 12:36:59,609 WARN clearConfigHistory start

2022-09-21 12:46:59,299 INFO [capacityManagement] start correct usage

2022-09-21 12:46:59,299 INFO [capacityManagement] end correct usage, cost: 0s

2022-09-21 12:46:59,617 WARN clearConfigHistory start

2022-09-21 12:56:59,308 INFO [capacityManagement] start correct usage

2022-09-21 12:56:59,308 INFO [capacityManagement] end correct usage, cost: 0s

2022-09-21 12:56:59,626 WARN clearConfigHistory start

2022-09-21 13:06:59,316 INFO [capacityManagement] start correct usage

2022-09-21 13:06:59,316 INFO [capacityManagement] end correct usage, cost: 0s

2022-09-21 13:06:59,634 WARN clearConfigHistory start

2022-09-21 13:16:59,325 INFO [capacityManagement] start correct usage

2022-09-21 13:16:59,325 INFO [capacityManagement] end correct usage, cost: 0s

2022-09-21 13:16:59,645 WARN clearConfigHistory start

2022-09-21 13:26:59,333 INFO [capacityManagement] start correct usage

2022-09-21 13:26:59,333 INFO [capacityManagement] end correct usage, cost: 0s

2022-09-21 13:26:59,653 WARN clearConfigHistory start

2022-09-21 13:36:59,343 INFO [capacityManagement] start correct usage

2022-09-21 13:36:59,343 INFO [capacityManagement] end correct usage, cost: 0s

2022-09-21 13:36:59,662 WARN clearConfigHistory start

2022-09-21 13:46:59,353 INFO [capacityManagement] start correct usage

2022-09-21 13:46:59,354 INFO [capacityManagement] end correct usage, cost: 0s

2022-09-21 13:46:59,671 WARN clearConfigHistory start

2022-09-21 13:56:59,359 INFO [capacityManagement] start correct usage

2022-09-21 13:56:59,360 INFO [capacityManagement] end correct usage, cost: 0s

2022-09-21 13:56:59,675 WARN clearConfigHistory start

2022-09-21 14:06:59,375 INFO [capacityManagement] start correct usage

2022-09-21 14:06:59,375 INFO [capacityManagement] end correct usage, cost: 0s

2022-09-21 14:06:59,691 WARN clearConfigHistory start

2022-09-21 14:16:59,386 INFO [capacityManagement] start correct usage

2022-09-21 14:16:59,386 INFO [capacityManagement] end correct usage, cost: 0s

2022-09-21 14:16:59,706 WARN clearConfigHistory start

2022-09-21 14:26:59,388 INFO [capacityManagement] start correct usage

2022-09-21 14:26:59,388 INFO [capacityManagement] end correct usage, cost: 0s

2022-09-21 14:26:59,721 WARN clearConfigHistory start

2022-09-21 14:36:59,390 INFO [capacityManagement] start correct usage

2022-09-21 14:36:59,390 INFO [capacityManagement] end correct usage, cost: 0s

2022-09-21 14:36:59,735 WARN clearConfigHistory start

2022-09-21 14:46:59,393 INFO [capacityManagement] start correct usage

2022-09-21 14:46:59,393 INFO [capacityManagement] end correct usage, cost: 0s

2022-09-21 14:46:59,743 WARN clearConfigHistory start

2022-09-21 14:56:59,397 INFO [capacityManagement] start correct usage

2022-09-21 14:56:59,397 INFO [capacityManagement] end correct usage, cost: 0s

2022-09-21 14:56:59,747 WARN clearConfigHistory start

2022-09-21 15:06:59,403 INFO [capacityManagement] start correct usage

2022-09-21 15:06:59,403 INFO [capacityManagement] end correct usage, cost: 0s

2022-09-21 15:06:59,754 WARN clearConfigHistory start

2022-09-21 15:16:59,415 INFO [capacityManagement] start correct usage

2022-09-21 15:16:59,415 INFO [capacityManagement] end correct usage, cost: 0s

2022-09-21 15:16:59,767 WARN clearConfigHistory start

2022-09-21 15:26:59,423 INFO [capacityManagement] start correct usage

2022-09-21 15:26:59,423 INFO [capacityManagement] end correct usage, cost: 0s

2022-09-21 15:26:59,774 WARN clearConfigHistory start

2022-09-21 15:36:59,434 INFO [capacityManagement] start correct usage

2022-09-21 15:36:59,434 INFO [capacityManagement] end correct usage, cost: 0s

2022-09-21 15:36:59,780 WARN clearConfigHistory start

2022-09-21 15:46:59,444 INFO [capacityManagement] start correct usage

2022-09-21 15:46:59,444 INFO [capacityManagement] end correct usage, cost: 0s

2022-09-21 15:46:59,792 WARN clearConfigHistory start

2022-09-21 15:56:59,449 INFO [capacityManagement] start correct usage

2022-09-21 15:56:59,449 INFO [capacityManagement] end correct usage, cost: 0s

2022-09-21 15:56:59,800 WARN clearConfigHistory start

2022-09-21 16:06:59,461 INFO [capacityManagement] start correct usage

2022-09-21 16:06:59,461 INFO [capacityManagement] end correct usage, cost: 0s

2022-09-21 16:06:59,811 WARN clearConfigHistory start

2022-09-21 16:16:59,474 INFO [capacityManagement] start correct usage

2022-09-21 16:16:59,474 INFO [capacityManagement] end correct usage, cost: 0s

2022-09-21 16:16:59,826 WARN clearConfigHistory start

2022-09-21 16:26:59,490 INFO [capacityManagement] start correct usage

2022-09-21 16:26:59,490 INFO [capacityManagement] end correct usage, cost: 0s

2022-09-21 16:26:59,841 WARN clearConfigHistory start

2022-09-21 16:36:59,496 INFO [capacityManagement] start correct usage

2022-09-21 16:36:59,496 INFO [capacityManagement] end correct usage, cost: 0s

2022-09-21 16:36:59,846 WARN clearConfigHistory start

2022-09-21 16:46:59,504 INFO [capacityManagement] start correct usage

2022-09-21 16:46:59,504 INFO [capacityManagement] end correct usage, cost: 0s

2022-09-21 16:46:59,852 WARN clearConfigHistory start

2022-09-21 16:56:59,514 INFO [capacityManagement] start correct usage

2022-09-21 16:56:59,514 INFO [capacityManagement] end correct usage, cost: 0s

2022-09-21 16:56:59,866 WARN clearConfigHistory start

2022-09-21 17:06:59,520 INFO [capacityManagement] start correct usage

2022-09-21 17:06:59,520 INFO [capacityManagement] end correct usage, cost: 0s

2022-09-21 17:06:59,868 WARN clearConfigHistory start

2022-09-21 17:16:59,522 INFO [capacityManagement] start correct usage

2022-09-21 17:16:59,522 INFO [capacityManagement] end correct usage, cost: 0s

2022-09-21 17:16:59,872 WARN clearConfigHistory start

2022-09-21 17:26:59,535 INFO [capacityManagement] start correct usage

2022-09-21 17:26:59,535 INFO [capacityManagement] end correct usage, cost: 0s

2022-09-21 17:26:59,880 WARN clearConfigHistory start

2022-09-21 17:36:59,542 INFO [capacityManagement] start correct usage

2022-09-21 17:36:59,542 INFO [capacityManagement] end correct usage, cost: 0s

2022-09-21 17:36:59,887 WARN clearConfigHistory start

2022-09-21 17:46:59,557 INFO [capacityManagement] start correct usage

2022-09-21 17:46:59,557 INFO [capacityManagement] end correct usage, cost: 0s

2022-09-21 17:46:59,901 WARN clearConfigHistory start

2022-09-21 17:56:59,566 INFO [capacityManagement] start correct usage

2022-09-21 17:56:59,566 INFO [capacityManagement] end correct usage, cost: 0s

2022-09-21 17:56:59,912 WARN clearConfigHistory start

2022-09-21 18:06:59,578 INFO [capacityManagement] start correct usage

2022-09-21 18:06:59,578 INFO [capacityManagement] end correct usage, cost: 0s

2022-09-21 18:06:59,922 WARN clearConfigHistory start

2022-09-21 18:16:59,591 INFO [capacityManagement] start correct usage

2022-09-21 18:16:59,591 INFO [capacityManagement] end correct usage, cost: 0s

2022-09-21 18:16:59,936 WARN clearConfigHistory start

2022-09-21 18:26:59,592 INFO [capacityManagement] start correct usage

2022-09-21 18:26:59,592 INFO [capacityManagement] end correct usage, cost: 0s

2022-09-21 18:26:59,937 WARN clearConfigHistory start

2022-09-21 18:36:59,601 INFO [capacityManagement] start correct usage

2022-09-21 18:36:59,601 INFO [capacityManagement] end correct usage, cost: 0s

2022-09-21 18:36:59,949 WARN clearConfigHistory start

2022-09-21 18:46:59,609 INFO [capacityManagement] start correct usage

2022-09-21 18:46:59,609 INFO [capacityManagement] end correct usage, cost: 0s

2022-09-21 18:46:59,955 WARN clearConfigHistory start

2022-09-21 18:56:59,618 INFO [capacityManagement] start correct usage

2022-09-21 18:56:59,619 INFO [capacityManagement] end correct usage, cost: 0s

2022-09-21 18:56:59,966 WARN clearConfigHistory start

2022-09-21 19:06:59,625 INFO [capacityManagement] start correct usage

2022-09-21 19:06:59,625 INFO [capacityManagement] end correct usage, cost: 0s

2022-09-21 19:06:59,971 WARN clearConfigHistory start

2022-09-21 19:16:59,636 INFO [capacityManagement] start correct usage

2022-09-21 19:16:59,636 INFO [capacityManagement] end correct usage, cost: 0s

2022-09-21 19:16:59,980 WARN clearConfigHistory start

2022-09-21 19:26:59,649 INFO [capacityManagement] start correct usage

2022-09-21 19:26:59,649 INFO [capacityManagement] end correct usage, cost: 0s

2022-09-21 19:26:59,985 WARN clearConfigHistory start

2022-09-21 19:36:59,665 INFO [capacityManagement] start correct usage

2022-09-21 19:36:59,665 INFO [capacityManagement] end correct usage, cost: 0s

2022-09-21 19:36:59,993 WARN clearConfigHistory start

2022-09-21 19:46:59,680 INFO [capacityManagement] start correct usage

2022-09-21 19:46:59,680 INFO [capacityManagement] end correct usage, cost: 0s

2022-09-21 19:46:59,998 WARN clearConfigHistory start

2022-09-21 19:56:59,683 INFO [capacityManagement] start correct usage

2022-09-21 19:56:59,683 INFO [capacityManagement] end correct usage, cost: 0s

2022-09-21 19:57:00,000 WARN clearConfigHistory start

2022-09-21 20:06:59,714 INFO [capacityManagement] start correct usage

2022-09-21 20:06:59,717 INFO [capacityManagement] end correct usage, cost: 0s

2022-09-21 20:07:00,014 WARN clearConfigHistory start

2022-09-21 20:16:59,724 INFO [capacityManagement] start correct usage

2022-09-21 20:16:59,724 INFO [capacityManagement] end correct usage, cost: 0s

2022-09-21 20:17:00,025 WARN clearConfigHistory start

2022-09-21 20:26:59,731 INFO [capacityManagement] start correct usage

2022-09-21 20:26:59,731 INFO [capacityManagement] end correct usage, cost: 0s

2022-09-21 20:27:00,035 WARN clearConfigHistory start

2022-09-21 20:36:59,745 INFO [capacityManagement] start correct usage

2022-09-21 20:36:59,746 INFO [capacityManagement] end correct usage, cost: 0s

2022-09-21 20:37:00,045 WARN clearConfigHistory start

2022-09-21 20:46:59,762 INFO [capacityManagement] start correct usage

2022-09-21 20:46:59,763 INFO [capacityManagement] end correct usage, cost: 0s

2022-09-21 20:47:00,050 WARN clearConfigHistory start

2022-09-21 20:56:59,774 INFO [capacityManagement] start correct usage

2022-09-21 20:56:59,774 INFO [capacityManagement] end correct usage, cost: 0s

2022-09-21 20:57:00,060 WARN clearConfigHistory start

2022-09-21 21:06:59,789 INFO [capacityManagement] start correct usage

2022-09-21 21:06:59,789 INFO [capacityManagement] end correct usage, cost: 0s

2022-09-21 21:07:00,075 WARN clearConfigHistory start

2022-09-21 21:16:59,803 INFO [capacityManagement] start correct usage

2022-09-21 21:16:59,803 INFO [capacityManagement] end correct usage, cost: 0s

2022-09-21 21:17:00,086 WARN clearConfigHistory start

2022-09-21 21:26:59,806 INFO [capacityManagement] start correct usage

2022-09-21 21:26:59,806 INFO [capacityManagement] end correct usage, cost: 0s

2022-09-21 21:27:00,088 WARN clearConfigHistory start

