2022-09-21 09:27:29,442 INFO PERFORMANCE:|2|2|-1|-1

2022-09-21 09:32:29,449 INFO PERFORMANCE:|4|4|-1|-1

2022-09-21 09:37:29,457 INFO PERFORMANCE:|4|4|-1|-1

2022-09-21 09:42:29,465 INFO PERFORMANCE:|4|4|-1|-1

2022-09-21 09:47:29,468 INFO PERFORMANCE:|4|4|-1|-1

2022-09-21 09:52:29,482 INFO PERFORMANCE:|4|4|-1|-1

2022-09-21 09:57:29,492 INFO PERFORMANCE:|4|4|-1|-1

2022-09-21 10:02:29,505 INFO PERFORMANCE:|4|4|-1|-1

2022-09-21 10:07:29,514 INFO PERFORMANCE:|4|4|-1|-1

2022-09-21 10:12:29,525 INFO PERFORMANCE:|4|4|-1|-1

2022-09-21 10:17:29,531 INFO PERFORMANCE:|4|4|-1|-1

2022-09-21 10:22:29,539 INFO PERFORMANCE:|4|4|-1|-1

2022-09-21 10:27:29,548 INFO PERFORMANCE:|4|4|-1|-1

2022-09-21 10:32:29,561 INFO PERFORMANCE:|4|4|-1|-1

2022-09-21 10:37:29,566 INFO PERFORMANCE:|4|4|-1|-1

2022-09-21 10:42:29,575 INFO PERFORMANCE:|4|4|-1|-1

2022-09-21 10:47:29,577 INFO PERFORMANCE:|4|4|-1|-1

2022-09-21 10:52:29,581 INFO PERFORMANCE:|4|4|-1|-1

2022-09-21 10:57:29,585 INFO PERFORMANCE:|4|4|-1|-1

2022-09-21 11:02:29,590 INFO PERFORMANCE:|4|4|-1|-1

2022-09-21 11:07:29,599 INFO PERFORMANCE:|4|4|-1|-1

2022-09-21 11:12:29,613 INFO PERFORMANCE:|4|4|-1|-1

2022-09-21 11:17:29,627 INFO PERFORMANCE:|4|4|-1|-1

2022-09-21 11:22:29,637 INFO PERFORMANCE:|4|4|-1|-1

2022-09-21 11:27:29,645 INFO PERFORMANCE:|4|4|-1|-1

2022-09-21 11:32:29,660 INFO PERFORMANCE:|4|4|-1|-1

2022-09-21 11:37:29,673 INFO PERFORMANCE:|4|4|-1|-1

2022-09-21 11:42:29,676 INFO PERFORMANCE:|4|4|-1|-1

2022-09-21 11:47:29,691 INFO PERFORMANCE:|4|4|-1|-1

2022-09-21 11:52:29,707 INFO PERFORMANCE:|4|4|-1|-1

2022-09-21 11:57:29,715 INFO PERFORMANCE:|4|4|-1|-1

2022-09-21 12:02:29,728 INFO PERFORMANCE:|4|4|-1|-1

2022-09-21 12:07:29,742 INFO PERFORMANCE:|4|4|-1|-1

2022-09-21 12:12:29,752 INFO PERFORMANCE:|4|4|-1|-1

2022-09-21 12:17:29,761 INFO PERFORMANCE:|4|4|-1|-1

2022-09-21 12:22:29,766 INFO PERFORMANCE:|4|4|-1|-1

2022-09-21 12:27:29,782 INFO PERFORMANCE:|4|4|-1|-1

2022-09-21 12:32:29,787 INFO PERFORMANCE:|4|4|-1|-1

2022-09-21 12:37:29,794 INFO PERFORMANCE:|4|4|-1|-1

2022-09-21 12:42:29,803 INFO PERFORMANCE:|4|4|-1|-1

2022-09-21 12:47:29,805 INFO PERFORMANCE:|4|4|-1|-1

2022-09-21 12:52:29,816 INFO PERFORMANCE:|4|4|-1|-1

2022-09-21 12:57:29,818 INFO PERFORMANCE:|4|4|-1|-1

2022-09-21 13:02:29,823 INFO PERFORMANCE:|4|4|-1|-1

2022-09-21 13:07:29,826 INFO PERFORMANCE:|4|4|-1|-1

2022-09-21 13:12:29,840 INFO PERFORMANCE:|4|4|-1|-1

2022-09-21 13:17:29,848 INFO PERFORMANCE:|4|4|-1|-1

2022-09-21 13:22:29,851 INFO PERFORMANCE:|4|4|-1|-1

2022-09-21 13:27:29,855 INFO PERFORMANCE:|4|4|-1|-1

2022-09-21 13:32:29,868 INFO PERFORMANCE:|4|4|-1|-1

2022-09-21 13:37:29,869 INFO PERFORMANCE:|4|4|-1|-1

2022-09-21 13:42:29,872 INFO PERFORMANCE:|4|4|-1|-1

2022-09-21 13:47:29,886 INFO PERFORMANCE:|4|4|-1|-1

2022-09-21 13:52:29,896 INFO PERFORMANCE:|4|4|-1|-1

2022-09-21 13:57:29,899 INFO PERFORMANCE:|4|4|-1|-1

2022-09-21 14:02:29,911 INFO PERFORMANCE:|4|4|-1|-1

2022-09-21 14:07:29,919 INFO PERFORMANCE:|4|4|-1|-1

2022-09-21 14:12:29,929 INFO PERFORMANCE:|4|4|-1|-1

2022-09-21 14:17:29,943 INFO PERFORMANCE:|4|4|-1|-1

2022-09-21 14:22:29,944 INFO PERFORMANCE:|4|4|-1|-1

2022-09-21 14:27:29,954 INFO PERFORMANCE:|4|4|-1|-1

2022-09-21 14:32:29,963 INFO PERFORMANCE:|4|4|-1|-1

2022-09-21 14:37:29,977 INFO PERFORMANCE:|4|4|-1|-1

2022-09-21 14:42:29,986 INFO PERFORMANCE:|4|4|-1|-1

2022-09-21 14:47:29,995 INFO PERFORMANCE:|4|4|-1|-1

2022-09-21 14:52:30,003 INFO PERFORMANCE:|4|4|-1|-1

2022-09-21 14:57:30,014 INFO PERFORMANCE:|4|4|-1|-1

2022-09-21 15:02:30,017 INFO PERFORMANCE:|4|4|-1|-1

2022-09-21 15:07:30,023 INFO PERFORMANCE:|4|4|-1|-1

2022-09-21 15:12:30,030 INFO PERFORMANCE:|4|4|-1|-1

2022-09-21 15:17:30,031 INFO PERFORMANCE:|4|4|-1|-1

2022-09-21 15:22:30,038 INFO PERFORMANCE:|4|4|-1|-1

2022-09-21 15:27:30,047 INFO PERFORMANCE:|4|4|-1|-1

2022-09-21 15:32:30,047 INFO PERFORMANCE:|4|4|-1|-1

2022-09-21 15:37:30,062 INFO PERFORMANCE:|4|4|-1|-1

2022-09-21 15:42:30,071 INFO PERFORMANCE:|4|4|-1|-1

2022-09-21 15:47:30,076 INFO PERFORMANCE:|4|4|-1|-1

2022-09-21 15:52:30,088 INFO PERFORMANCE:|4|4|-1|-1

2022-09-21 15:57:30,104 INFO PERFORMANCE:|4|4|-1|-1

2022-09-21 16:02:30,112 INFO PERFORMANCE:|4|4|-1|-1

2022-09-21 16:07:30,123 INFO PERFORMANCE:|4|4|-1|-1

2022-09-21 16:12:30,133 INFO PERFORMANCE:|4|4|-1|-1

2022-09-21 16:17:30,136 INFO PERFORMANCE:|4|4|-1|-1

2022-09-21 16:22:30,151 INFO PERFORMANCE:|4|4|-1|-1

2022-09-21 16:27:30,155 INFO PERFORMANCE:|4|4|-1|-1

2022-09-21 16:32:30,162 INFO PERFORMANCE:|4|4|-1|-1

2022-09-21 16:37:30,172 INFO PERFORMANCE:|4|4|-1|-1

2022-09-21 16:42:30,180 INFO PERFORMANCE:|4|4|-1|-1

2022-09-21 16:47:30,191 INFO PERFORMANCE:|4|4|-1|-1

2022-09-21 16:52:30,194 INFO PERFORMANCE:|4|4|-1|-1

2022-09-21 16:57:30,206 INFO PERFORMANCE:|4|4|-1|-1

2022-09-21 17:02:30,215 INFO PERFORMANCE:|4|4|-1|-1

2022-09-21 17:07:30,222 INFO PERFORMANCE:|4|4|-1|-1

2022-09-21 17:12:30,226 INFO PERFORMANCE:|4|4|-1|-1

2022-09-21 17:17:30,228 INFO PERFORMANCE:|4|4|-1|-1

2022-09-21 17:22:30,228 INFO PERFORMANCE:|4|4|-1|-1

2022-09-21 17:27:30,235 INFO PERFORMANCE:|4|4|-1|-1

2022-09-21 17:32:30,250 INFO PERFORMANCE:|4|4|-1|-1

2022-09-21 17:37:30,257 INFO PERFORMANCE:|4|4|-1|-1

2022-09-21 17:42:30,270 INFO PERFORMANCE:|4|4|-1|-1

2022-09-21 17:47:30,281 INFO PERFORMANCE:|4|4|-1|-1

2022-09-21 17:52:30,295 INFO PERFORMANCE:|4|4|-1|-1

2022-09-21 17:57:30,305 INFO PERFORMANCE:|4|4|-1|-1

2022-09-21 18:02:30,306 INFO PERFORMANCE:|4|4|-1|-1

2022-09-21 18:07:30,319 INFO PERFORMANCE:|4|4|-1|-1

2022-09-21 18:12:30,321 INFO PERFORMANCE:|4|4|-1|-1

2022-09-21 18:17:30,330 INFO PERFORMANCE:|4|4|-1|-1

2022-09-21 18:22:30,340 INFO PERFORMANCE:|4|4|-1|-1

2022-09-21 18:27:30,344 INFO PERFORMANCE:|4|4|-1|-1

2022-09-21 18:32:30,346 INFO PERFORMANCE:|4|4|-1|-1

2022-09-21 18:37:30,353 INFO PERFORMANCE:|4|4|-1|-1

2022-09-21 18:42:30,363 INFO PERFORMANCE:|4|4|-1|-1

2022-09-21 18:47:30,377 INFO PERFORMANCE:|4|4|-1|-1

2022-09-21 18:52:30,388 INFO PERFORMANCE:|4|4|-1|-1

2022-09-21 18:57:30,403 INFO PERFORMANCE:|4|4|-1|-1

2022-09-21 19:02:30,411 INFO PERFORMANCE:|4|4|-1|-1

2022-09-21 19:07:30,425 INFO PERFORMANCE:|4|4|-1|-1

2022-09-21 19:12:30,438 INFO PERFORMANCE:|4|4|-1|-1

2022-09-21 19:17:30,444 INFO PERFORMANCE:|4|3|-1|-1

2022-09-21 19:22:30,447 INFO PERFORMANCE:|0|0|-1|-1

2022-09-21 19:27:30,459 INFO PERFORMANCE:|0|0|-1|-1

2022-09-21 19:32:30,466 INFO PERFORMANCE:|0|0|-1|-1

2022-09-21 19:37:30,477 INFO PERFORMANCE:|0|0|-1|-1

2022-09-21 19:42:30,490 INFO PERFORMANCE:|0|0|-1|-1

2022-09-21 19:47:30,490 INFO PERFORMANCE:|1|1|-1|-1

2022-09-21 19:52:30,498 INFO PERFORMANCE:|1|1|-1|-1

2022-09-21 19:57:30,513 INFO PERFORMANCE:|1|1|-1|-1

2022-09-21 20:02:30,514 INFO PERFORMANCE:|1|1|-1|-1

2022-09-21 20:07:30,519 INFO PERFORMANCE:|1|1|-1|-1

2022-09-21 20:12:30,529 INFO PERFORMANCE:|1|1|-1|-1

2022-09-21 20:17:30,532 INFO PERFORMANCE:|1|1|-1|-1

2022-09-21 20:22:30,539 INFO PERFORMANCE:|1|1|-1|-1

2022-09-21 20:27:30,543 INFO PERFORMANCE:|1|1|-1|-1

2022-09-21 20:32:30,553 INFO PERFORMANCE:|1|1|-1|-1

2022-09-21 20:37:30,561 INFO PERFORMANCE:|1|1|-1|-1

2022-09-21 20:42:30,564 INFO PERFORMANCE:|1|1|-1|-1

2022-09-21 20:47:30,572 INFO PERFORMANCE:|1|1|-1|-1

2022-09-21 20:52:30,585 INFO PERFORMANCE:|1|1|-1|-1

2022-09-21 20:57:30,599 INFO PERFORMANCE:|1|1|-1|-1

2022-09-21 21:02:30,612 INFO PERFORMANCE:|1|1|-1|-1

2022-09-21 21:07:30,620 INFO PERFORMANCE:|1|1|-1|-1

2022-09-21 21:12:30,627 INFO PERFORMANCE:|1|1|-1|-1

2022-09-21 21:17:30,635 INFO PERFORMANCE:|1|1|-1|-1

2022-09-21 21:22:30,650 INFO PERFORMANCE:|1|1|-1|-1

2022-09-21 21:27:30,650 INFO PERFORMANCE:|1|1|-1|-1

2022-09-21 21:32:30,662 INFO PERFORMANCE:|1|1|-1|-1

